<?xml version="1.0" encoding="UTF-8"?>
<testsuite xmlns:xsi="http://www.w3.org/2001/XMLSchema-instance" xsi:noNamespaceSchemaLocation="https://maven.apache.org/surefire/maven-surefire-plugin/xsd/surefire-test-report.xsd" version="3.0.2" name="com.example.soap.ws.SpringBootSoapWsClient1ApplicationTests" time="2.063" tests="1" errors="0" skipped="0" failures="0">
  <properties>
[...]
</properties>
  <testcase name="contextLoads" classname="com.example.soap.ws.SpringBootSoapWsClient1ApplicationTests" time="0.505">
    <system-out><![CDATA[19:25:58.438 [main] INFO org.springframework.test.context.support.AnnotationConfigContextLoaderUtils -- Could not detect default configuration classes for test class [com.example.soap.ws.SpringBootSoapWsClient1ApplicationTests]: SpringBootSoapWsClient1ApplicationTests does not declare any static, non-private, non-final, nested classes annotated with @Configuration.
19:25:58.528 [main] INFO org.springframework.boot.test.context.SpringBootTestContextBootstrapper -- Found @SpringBootConfiguration com.example.soap.ws.SpringBootSoapWsClient1Application for test class com.example.soap.ws.SpringBootSoapWsClient1ApplicationTests

  .   ____          _            __ _ _
 /\\ / ___'_ __ _ _(_)_ __  __ _ \ \ \ \
( ( )\___ | '_ | '_| | '_ \/ _` | \ \ \ \
 \\/  ___)| |_)| | | | | || (_| |  ) ) ) )
  '  |____| .__|_| |_|_| |_\__, | / / / /
 =========|_|==============|___/=/_/_/_/

 :: Spring Boot ::                (v4.0.0)

2025-12-15T19:25:58.862+01:00  INFO 19248 --- [spring-boot-soap-ws-client1] [           main] .SpringBootSoapWsClient1ApplicationTests : Starting SpringBootSoapWsClient1ApplicationTests using Java 21.0.1 with PID 19248 (started by SBS in C:\Users\SBS\eclipse-workspace\spring-boot-soap-ws-client1)
2025-12-15T19:25:58.863+01:00  INFO 19248 --- [spring-boot-soap-ws-client1] [           main] .SpringBootSoapWsClient1ApplicationTests : No active profile set, falling back to 1 default profile: "default"
2025-12-15T19:25:59.800+01:00  INFO 19248 --- [spring-boot-soap-ws-client1] [           main] .w.s.a.s.AnnotationActionEndpointMapping : Supporting [WS-Addressing August 2004, WS-Addressing 1.0]
2025-12-15T19:25:59.828+01:00  INFO 19248 --- [spring-boot-soap-ws-client1] [           main] .SpringBootSoapWsClient1ApplicationTests : Started SpringBootSoapWsClient1ApplicationTests in 1.178 seconds (process running for 2.097)
]]></system-out>
    <system-err><![CDATA[Mockito is currently self-attaching to enable the inline-mock-maker. This will no longer work in future releases of the JDK. Please add Mockito as an agent to your build as described in Mockito's documentation: https://javadoc.io/doc/org.mockito/mockito-core/latest/org.mockito/org/mockito/Mockito.html#0.3
WARNING: A Java agent has been loaded dynamically (C:\Users\SBS\.m2\repository\net\bytebuddy\byte-buddy-agent\1.17.8\byte-buddy-agent-1.17.8.jar)
WARNING: If a serviceability tool is in use, please run with -XX:+EnableDynamicAgentLoading to hide this warning
WARNING: If a serviceability tool is not in use, please run with -Djdk.instrument.traceUsage for more information
WARNING: Dynamic loading of agents will be disallowed by default in a future release
]]></system-err>
  </testcase>
</testsuite>