<?xml version="1.0" encoding="UTF-8"?>
<testsuite xmlns:xsi="http://www.w3.org/2001/XMLSchema-instance" xsi:noNamespaceSchemaLocation="https://maven.apache.org/surefire/maven-surefire-plugin/xsd/surefire-test-report-3.0.xsd" version="3.0" name="com.example.soap.ws.SpringBootSoapWsApplicationTests" time="2.209" tests="1" errors="0" skipped="0" failures="0">
  <properties>
[...]
</properties>
  <testcase name="contextLoads" classname="com.example.soap.ws.SpringBootSoapWsApplicationTests" time="0.657">
    <system-out><![CDATA[15:17:06.633 [main] INFO org.springframework.test.context.support.AnnotationConfigContextLoaderUtils -- Could not detect default configuration classes for test class [com.example.soap.ws.SpringBootSoapWsApplicationTests]: SpringBootSoapWsApplicationTests does not declare any static, non-private, non-final, nested classes annotated with @Configuration.
15:17:06.716 [main] INFO org.springframework.boot.test.context.SpringBootTestContextBootstrapper -- Found @SpringBootConfiguration com.example.soap.ws.SpringBootSoapWsApplication for test class com.example.soap.ws.SpringBootSoapWsApplicationTests
15:17:06.847 [main] INFO org.springframework.boot.devtools.restart.RestartApplicationListener -- Restart disabled due to context in which it is running

  .   ____          _            __ _ _
 /\\ / ___'_ __ _ _(_)_ __  __ _ \ \ \ \
( ( )\___ | '_ | '_| | '_ \/ _` | \ \ \ \
 \\/  ___)| |_)| | | | | || (_| |  ) ) ) )
  '  |____| .__|_| |_|_| |_\__, | / / / /
 =========|_|==============|___/=/_/_/_/
 :: Spring Boot ::                (v3.2.0)

2025-12-15T15:17:07.048+01:00  INFO 14248 --- [spring-boot-soap-ws] [           main] c.e.s.w.SpringBootSoapWsApplicationTests : Starting SpringBootSoapWsApplicationTests using Java 21.0.1 with PID 14248 (started by SBS in C:\Users\SBS\eclipse-workspace\spring-boot-soap-ws)
2025-12-15T15:17:07.049+01:00  INFO 14248 --- [spring-boot-soap-ws] [           main] c.e.s.w.SpringBootSoapWsApplicationTests : No active profile set, falling back to 1 default profile: "default"
2025-12-15T15:17:07.604+01:00  WARN 14248 --- [spring-boot-soap-ws] [           main] trationDelegate$BeanPostProcessorChecker : Bean 'org.springframework.ws.config.annotation.DelegatingWsConfiguration' of type [org.springframework.ws.config.annotation.DelegatingWsConfiguration$$SpringCGLIB$$0] is not eligible for getting processed by all BeanPostProcessors (for example: not eligible for auto-proxying). The currently created BeanPostProcessor [annotationActionEndpointMapping] is declared through a non-static factory method on that class; consider declaring it as static instead.
2025-12-15T15:17:07.633+01:00  INFO 14248 --- [spring-boot-soap-ws] [           main] .w.s.a.s.AnnotationActionEndpointMapping : Supporting [WS-Addressing August 2004, WS-Addressing 1.0]
2025-12-15T15:17:08.037+01:00  INFO 14248 --- [spring-boot-soap-ws] [           main] c.e.s.w.SpringBootSoapWsApplicationTests : Started SpringBootSoapWsApplicationTests in 1.204 seconds (process running for 1.944)
]]></system-out>
    <system-err><![CDATA[WARNING: A Java agent has been loaded dynamically (C:\Users\SBS\.m2\repository\net\bytebuddy\byte-buddy-agent\1.14.10\byte-buddy-agent-1.14.10.jar)
WARNING: If a serviceability tool is in use, please run with -XX:+EnableDynamicAgentLoading to hide this warning
WARNING: If a serviceability tool is not in use, please run with -Djdk.instrument.traceUsage for more information
WARNING: Dynamic loading of agents will be disallowed by default in a future release
]]></system-err>
  </testcase>
</testsuite>